{
  "RSpec": {
    "coverage": {
      "/home/zdv/Job/learning/vrt_before_viewcomponent/rails-viewcomponent-rspec-tailwind/app/helpers/application_helper.rb": {
        "lines": [
          1,
          null
        ]
      },
      "/home/zdv/Job/learning/vrt_before_viewcomponent/rails-viewcomponent-rspec-tailwind/app/components/add_link_component.rb": {
        "lines": [
          null,
          null,
          1,
          1,
          15,
          15,
          null,
          null,
          null
        ]
      },
      "/home/zdv/Job/learning/vrt_before_viewcomponent/rails-viewcomponent-rspec-tailwind/app/components/application_component.rb": {
        "lines": [
          null,
          null,
          1,
          null,
          null
        ]
      },
      "/home/zdv/Job/learning/vrt_before_viewcomponent/rails-viewcomponent-rspec-tailwind/app/components/back_navigation_component.rb": {
        "lines": [
          null,
          null,
          1,
          1,
          21,
          21,
          null,
          null,
          null
        ]
      },
      "/home/zdv/Job/learning/vrt_before_viewcomponent/rails-viewcomponent-rspec-tailwind/app/components/delete_link_component.rb": {
        "lines": [
          null,
          null,
          1,
          1,
          15,
          15,
          null,
          null,
          null
        ]
      },
      "/home/zdv/Job/learning/vrt_before_viewcomponent/rails-viewcomponent-rspec-tailwind/app/components/edit_link_component.rb": {
        "lines": [
          null,
          null,
          1,
          1,
          15,
          15,
          null,
          null,
          null
        ]
      },
      "/home/zdv/Job/learning/vrt_before_viewcomponent/rails-viewcomponent-rspec-tailwind/app/components/form_errors_component.rb": {
        "lines": [
          null,
          null,
          1,
          1,
          5,
          5,
          null,
          null,
          null
        ]
      },
      "/home/zdv/Job/learning/vrt_before_viewcomponent/rails-viewcomponent-rspec-tailwind/app/components/link_component.rb": {
        "lines": [
          null,
          null,
          1,
          null,
          null
        ]
      },
      "/home/zdv/Job/learning/vrt_before_viewcomponent/rails-viewcomponent-rspec-tailwind/app/components/page_header_component.rb": {
        "lines": [
          null,
          null,
          1,
          null,
          null
        ]
      },
      "/home/zdv/Job/learning/vrt_before_viewcomponent/rails-viewcomponent-rspec-tailwind/app/components/page_title_component.rb": {
        "lines": [
          null,
          null,
          1,
          1,
          26,
          null,
          null,
          null
        ]
      },
      "/home/zdv/Job/learning/vrt_before_viewcomponent/rails-viewcomponent-rspec-tailwind/app/models/team.rb": {
        "lines": [
          1,
          1,
          null,
          1,
          null
        ]
      },
      "/home/zdv/Job/learning/vrt_before_viewcomponent/rails-viewcomponent-rspec-tailwind/app/models/application_record.rb": {
        "lines": [
          1,
          1,
          null
        ]
      },
      "/home/zdv/Job/learning/vrt_before_viewcomponent/rails-viewcomponent-rspec-tailwind/app/models/athlete.rb": {
        "lines": [
          1,
          1,
          null,
          1,
          1,
          1,
          1,
          null
        ]
      },
      "/home/zdv/Job/learning/vrt_before_viewcomponent/rails-viewcomponent-rspec-tailwind/app/controllers/athletes_controller.rb": {
        "lines": [
          1,
          1,
          1,
          null,
          1,
          null,
          null,
          1,
          2,
          null,
          null,
          1,
          2,
          2,
          1,
          1,
          null,
          1,
          1,
          null,
          null,
          null,
          1,
          null,
          null,
          1,
          2,
          1,
          1,
          null,
          1,
          1,
          null,
          null,
          null,
          1,
          1,
          1,
          1,
          null,
          null,
          1,
          null,
          1,
          4,
          null,
          null,
          null,
          1,
          10,
          null,
          null,
          1,
          5,
          4,
          null,
          1,
          null,
          null,
          null
        ]
      },
      "/home/zdv/Job/learning/vrt_before_viewcomponent/rails-viewcomponent-rspec-tailwind/app/controllers/application_controller.rb": {
        "lines": [
          1,
          null
        ]
      },
      "/home/zdv/Job/learning/vrt_before_viewcomponent/rails-viewcomponent-rspec-tailwind/app/controllers/teams_controller.rb": {
        "lines": [
          1,
          1,
          null,
          1,
          5,
          null,
          null,
          1,
          null,
          null,
          1,
          2,
          null,
          null,
          1,
          2,
          2,
          1,
          1,
          null,
          1,
          1,
          null,
          null,
          null,
          1,
          null,
          null,
          1,
          2,
          1,
          1,
          null,
          1,
          1,
          null,
          null,
          null,
          1,
          1,
          1,
          1,
          null,
          null,
          1,
          null,
          1,
          4,
          null,
          null,
          1,
          14,
          null,
          null
        ]
      },
      "/home/zdv/Job/learning/vrt_before_viewcomponent/rails-viewcomponent-rspec-tailwind/app/channels/application_cable/channel.rb": {
        "lines": [
          0,
          0,
          0,
          0
        ],
        "branches": {
        }
      },
      "/home/zdv/Job/learning/vrt_before_viewcomponent/rails-viewcomponent-rspec-tailwind/app/channels/application_cable/connection.rb": {
        "lines": [
          0,
          0,
          0,
          0
        ],
        "branches": {
        }
      },
      "/home/zdv/Job/learning/vrt_before_viewcomponent/rails-viewcomponent-rspec-tailwind/app/jobs/application_job.rb": {
        "lines": [
          0,
          null,
          null,
          null,
          null,
          null,
          0
        ],
        "branches": {
        }
      },
      "/home/zdv/Job/learning/vrt_before_viewcomponent/rails-viewcomponent-rspec-tailwind/app/mailers/application_mailer.rb": {
        "lines": [
          0,
          0,
          0,
          0
        ],
        "branches": {
        }
      }
    },
    "timestamp": 1741269340
  }
}
